<?xml version="1.0" encoding="UTF-8"?>
<testsuite name="weapon.TestScope" tests="4" skipped="0" failures="0" errors="0" timestamp="2019-10-30T00:35:14" hostname="Andrews-MacBook-Pro.local" time="0.003">
  <properties/>
  <testcase name="testScopeStabilizerPistol" classname="weapon.TestScope" time="0.001"/>
  <testcase name="testScopePowerBoosterPistol" classname="weapon.TestScope" time="0.001"/>
  <testcase name="testScopeScopePistol" classname="weapon.TestScope" time="0.001"/>
  <testcase name="testScopePistol" classname="weapon.TestScope" time="0.0"/>
  <system-out><![CDATA[]]></system-out>
  <system-err><![CDATA[]]></system-err>
</testsuite>
