<?xml version="1.0" encoding="UTF-8"?>
<testsuite name="lifeform.TestAlien" tests="7" skipped="0" failures="0" errors="0" timestamp="2019-10-29T15:11:52" hostname="LAPTOP-JOIFGNL9" time="0.008">
  <properties/>
  <testcase name="testLinearFractional" classname="lifeform.TestAlien" time="0.003"/>
  <testcase name="testNegRecovery" classname="lifeform.TestAlien" time="0.002"/>
  <testcase name="testSetRecoveryRate" classname="lifeform.TestAlien" time="0.0"/>
  <testcase name="testInitialization" classname="lifeform.TestAlien" time="0.0"/>
  <testcase name="testAttack" classname="lifeform.TestAlien" time="0.0"/>
  <testcase name="testLinearRecovery" classname="lifeform.TestAlien" time="0.0"/>
  <testcase name="testCombatRecovery" classname="lifeform.TestAlien" time="0.0"/>
  <system-out><![CDATA[]]></system-out>
  <system-err><![CDATA[]]></system-err>
</testsuite>
