<?xml version="1.0" encoding="UTF-8"?>
<testsuite name="weapon.TestScope" tests="4" skipped="0" failures="0" errors="0" timestamp="2019-10-29T15:11:52" hostname="LAPTOP-JOIFGNL9" time="0.005">
  <properties/>
  <testcase name="testScopeStabilizerPistol" classname="weapon.TestScope" time="0.003"/>
  <testcase name="testScopePowerBoosterPistol" classname="weapon.TestScope" time="0.001"/>
  <testcase name="testScopeScopePistol" classname="weapon.TestScope" time="0.0"/>
  <testcase name="testScopePistol" classname="weapon.TestScope" time="0.001"/>
  <system-out><![CDATA[]]></system-out>
  <system-err><![CDATA[]]></system-err>
</testsuite>
