<?xml version="1.0" encoding="UTF-8"?>
<testsuite name="weapon.TestPowerBooster" tests="4" skipped="0" failures="0" errors="0" timestamp="2019-10-29T12:57:06" hostname="Andrews-MacBook-Pro.local" time="0.001">
  <properties/>
  <testcase name="testPistolScopeBooster" classname="weapon.TestPowerBooster" time="0.0"/>
  <testcase name="testPlasmaStabilizerBooster" classname="weapon.TestPowerBooster" time="0.0"/>
  <testcase name="testChainDualBooster" classname="weapon.TestPowerBooster" time="0.0"/>
  <testcase name="testChainBooster" classname="weapon.TestPowerBooster" time="0.0"/>
  <system-out><![CDATA[]]></system-out>
  <system-err><![CDATA[]]></system-err>
</testsuite>
