<?xml version="1.0" encoding="UTF-8"?>
<testsuite name="weapon.TestStabilizer" tests="4" skipped="0" failures="0" errors="0" timestamp="2019-10-29T12:57:06" hostname="Andrews-MacBook-Pro.local" time="0.004">
  <properties/>
  <testcase name="testPistolScopeStabilizer" classname="weapon.TestStabilizer" time="0.002"/>
  <testcase name="testChainBoosterStabilizer" classname="weapon.TestStabilizer" time="0.001"/>
  <testcase name="testPlasmaTwoStabilizers" classname="weapon.TestStabilizer" time="0.0"/>
  <testcase name="testPlasmaStabilizer" classname="weapon.TestStabilizer" time="0.001"/>
  <system-out><![CDATA[]]></system-out>
  <system-err><![CDATA[]]></system-err>
</testsuite>
