<?xml version="1.0" encoding="UTF-8"?>
<testsuite name="gameplay.TestSimpleTimer" tests="4" skipped="0" failures="0" errors="0" timestamp="2019-10-28T13:58:52" hostname="Andrews-MacBook-Pro.local" time="5.268">
  <properties/>
  <testcase name="testRemoveTimerObserver" classname="gameplay.TestSimpleTimer" time="0.001"/>
  <testcase name="testAddTimerObserver" classname="gameplay.TestSimpleTimer" time="0.0"/>
  <testcase name="testAsThread" classname="gameplay.TestSimpleTimer" time="5.267"/>
  <testcase name="testInitialization" classname="gameplay.TestSimpleTimer" time="0.0"/>
  <system-out><![CDATA[]]></system-out>
  <system-err><![CDATA[]]></system-err>
</testsuite>
