<?xml version="1.0" encoding="UTF-8"?>
<testsuite name="weapon.TestPowerBooster" tests="1" skipped="0" failures="0" errors="0" timestamp="2019-10-29T15:11:52" hostname="LAPTOP-JOIFGNL9" time="0.003">
  <properties/>
  <testcase name="testPowerBoosterChainGun" classname="weapon.TestPowerBooster" time="0.003"/>
  <system-out><![CDATA[]]></system-out>
  <system-err><![CDATA[]]></system-err>
</testsuite>
