<?xml version="1.0" encoding="UTF-8"?>
<testsuite name="environment.TestCell" tests="4" skipped="0" failures="0" errors="0" timestamp="2019-10-24T16:48:50" hostname="Andrews-MacBook-Pro.local" time="0.001">
  <properties/>
  <testcase name="testRemoveLifeForm" classname="environment.TestCell" time="0.0"/>
  <testcase name="testAddLifeForm" classname="environment.TestCell" time="0.001"/>
  <testcase name="testInitialization" classname="environment.TestCell" time="0.0"/>
  <testcase name="testOverwriteLifeForm" classname="environment.TestCell" time="0.0"/>
  <system-out><![CDATA[]]></system-out>
  <system-err><![CDATA[]]></system-err>
</testsuite>
