<?xml version="1.0" encoding="UTF-8"?>
<testsuite name="weapon.TestChainGun" tests="1" skipped="0" failures="0" errors="0" timestamp="2019-10-24T16:48:45" hostname="Andrews-MacBook-Pro.local" time="0.0">
  <properties/>
  <testcase name="testChainDamageAtRanges" classname="weapon.TestChainGun" time="0.0"/>
  <system-out><![CDATA[]]></system-out>
  <system-err><![CDATA[]]></system-err>
</testsuite>
