<?xml version="1.0" encoding="UTF-8"?>
<testsuite name="weapon.TestScope" tests="4" skipped="0" failures="0" errors="0" timestamp="2019-10-24T16:48:45" hostname="Andrews-MacBook-Pro.local" time="0.002">
  <properties/>
  <testcase name="testPistolScope" classname="weapon.TestScope" time="0.001"/>
  <testcase name="testPistolTwoScope" classname="weapon.TestScope" time="0.0"/>
  <testcase name="testPlasmaStabilizerScope" classname="weapon.TestScope" time="0.0"/>
  <testcase name="testGhainGunBoosterScope" classname="weapon.TestScope" time="0.001"/>
  <system-out><![CDATA[]]></system-out>
  <system-err><![CDATA[]]></system-err>
</testsuite>
