<?xml version="1.0" encoding="UTF-8"?>
<testsuite name="weapon.TestPlasmaCannon" tests="1" skipped="0" failures="0" errors="0" timestamp="2019-10-29T12:57:22" hostname="Andrews-MacBook-Pro.local" time="0.001">
  <properties/>
  <testcase name="testPlasmaDamageAtRanges" classname="weapon.TestPlasmaCannon" time="0.001"/>
  <system-out><![CDATA[]]></system-out>
  <system-err><![CDATA[]]></system-err>
</testsuite>
