<?xml version="1.0" encoding="UTF-8"?>
<testsuite name="weapon.TestPistol" tests="1" skipped="0" failures="0" errors="0" timestamp="2019-10-29T12:57:22" hostname="Andrews-MacBook-Pro.local" time="0.0">
  <properties/>
  <testcase name="testPistolDamageAtRanges" classname="weapon.TestPistol" time="0.0"/>
  <system-out><![CDATA[]]></system-out>
  <system-err><![CDATA[]]></system-err>
</testsuite>
