<?xml version="1.0" encoding="UTF-8"?>
<testsuite name="gameplay.TestSimpleTimer" tests="4" skipped="0" failures="0" errors="0" timestamp="2019-10-30T01:26:50" hostname="Andrews-MacBook-Pro.local" time="5.273">
  <properties/>
  <testcase name="testRemoveTimerObserver" classname="gameplay.TestSimpleTimer" time="0.0"/>
  <testcase name="testAddTimerObserver" classname="gameplay.TestSimpleTimer" time="0.0"/>
  <testcase name="testAsThread" classname="gameplay.TestSimpleTimer" time="5.272"/>
  <testcase name="testInitialization" classname="gameplay.TestSimpleTimer" time="0.0"/>
  <system-out><![CDATA[]]></system-out>
  <system-err><![CDATA[]]></system-err>
</testsuite>
