<?xml version="1.0" encoding="UTF-8"?>
<testsuite name="environment.TestEnvironment" tests="5" skipped="0" failures="0" errors="0" timestamp="2019-10-24T16:48:50" hostname="Andrews-MacBook-Pro.local" time="0.002">
  <properties/>
  <testcase name="testRemoveLifeForm" classname="environment.TestEnvironment" time="0.001"/>
  <testcase name="testAddLifeForm" classname="environment.TestEnvironment" time="0.0"/>
  <testcase name="testBorderCases" classname="environment.TestEnvironment" time="0.0"/>
  <testcase name="testInitialization" classname="environment.TestEnvironment" time="0.0"/>
  <testcase name="testOverwriteLifeForm" classname="environment.TestEnvironment" time="0.0"/>
  <system-out><![CDATA[]]></system-out>
  <system-err><![CDATA[]]></system-err>
</testsuite>
