<?xml version="1.0" encoding="UTF-8"?>
<testsuite name="environment.TestEnvironment" tests="12" skipped="0" failures="0" errors="0" timestamp="2019-10-30T01:26:55" hostname="Andrews-MacBook-Pro.local" time="0.006">
  <properties/>
  <testcase name="testRemoveLifeForm" classname="environment.TestEnvironment" time="0.002"/>
  <testcase name="testAddLifeForm" classname="environment.TestEnvironment" time="0.001"/>
  <testcase name="testGetCols" classname="environment.TestEnvironment" time="0.0"/>
  <testcase name="testBorderCases" classname="environment.TestEnvironment" time="0.0"/>
  <testcase name="testRemoveWeapon" classname="environment.TestEnvironment" time="0.0"/>
  <testcase name="testGetDistanceDiff" classname="environment.TestEnvironment" time="0.0"/>
  <testcase name="testAddWeapon" classname="environment.TestEnvironment" time="0.001"/>
  <testcase name="testInitialization" classname="environment.TestEnvironment" time="0.001"/>
  <testcase name="testOverwriteLifeForm" classname="environment.TestEnvironment" time="0.0"/>
  <testcase name="testGetRow" classname="environment.TestEnvironment" time="0.0"/>
  <testcase name="testGetDistanceSameCol" classname="environment.TestEnvironment" time="0.0"/>
  <testcase name="testGetDistanceSameRow" classname="environment.TestEnvironment" time="0.0"/>
  <system-out><![CDATA[]]></system-out>
  <system-err><![CDATA[]]></system-err>
</testsuite>
